{"C:\\sites\\CoolHan builder\\src\\health.js": {"path":"C:\\sites\\CoolHan builder\\src\\health.js","statementMap":{"0":{"start":{"line":13,"column":11},"end":{"line":13,"column":24}},"1":{"start":{"line":14,"column":13},"end":{"line":14,"column":28}},"2":{"start":{"line":17,"column":15},"end":{"line":21,"column":2}},"3":{"start":{"line":31,"column":2},"end":{"line":33,"column":3}},"4":{"start":{"line":32,"column":4},"end":{"line":32,"column":50}},"5":{"start":{"line":34,"column":2},"end":{"line":43,"column":3}},"6":{"start":{"line":35,"column":20},"end":{"line":35,"column":62}},"7":{"start":{"line":36,"column":16},"end":{"line":36,"column":48}},"8":{"start":{"line":37,"column":16},"end":{"line":37,"column":31}},"9":{"start":{"line":38,"column":4},"end":{"line":40,"column":5}},"10":{"start":{"line":39,"column":6},"end":{"line":39,"column":32}},"11":{"start":{"line":44,"column":2},"end":{"line":44,"column":17}},"12":{"start":{"line":54,"column":2},"end":{"line":54,"column":51}},"13":{"start":{"line":64,"column":2},"end":{"line":81,"column":3}},"14":{"start":{"line":65,"column":17},"end":{"line":70,"column":5}},"15":{"start":{"line":71,"column":4},"end":{"line":71,"column":47}},"16":{"start":{"line":74,"column":17},"end":{"line":79,"column":5}},"17":{"start":{"line":80,"column":4},"end":{"line":80,"column":48}},"18":{"start":{"line":84,"column":0},"end":{"line":84,"column":75}}},"fnMap":{"0":{"name":"resolveVersion","decl":{"start":{"line":30,"column":9},"end":{"line":30,"column":23}},"loc":{"start":{"line":30,"column":26},"end":{"line":45,"column":1}},"line":30},"1":{"name":"getUptimeSeconds","decl":{"start":{"line":52,"column":9},"end":{"line":52,"column":25}},"loc":{"start":{"line":52,"column":28},"end":{"line":55,"column":1}},"line":52},"2":{"name":"buildHealth","decl":{"start":{"line":63,"column":9},"end":{"line":63,"column":20}},"loc":{"start":{"line":63,"column":23},"end":{"line":82,"column":1}},"line":63}},"branchMap":{"0":{"loc":{"start":{"line":31,"column":2},"end":{"line":33,"column":3}},"type":"if","locations":[{"start":{"line":31,"column":2},"end":{"line":33,"column":3}},{"start":{},"end":{}}],"line":31},"1":{"loc":{"start":{"line":31,"column":6},"end":{"line":31,"column":78}},"type":"binary-expr","locations":[{"start":{"line":31,"column":6},"end":{"line":31,"column":29}},{"start":{"line":31,"column":33},"end":{"line":31,"column":78}}],"line":31},"2":{"loc":{"start":{"line":38,"column":4},"end":{"line":40,"column":5}},"type":"if","locations":[{"start":{"line":38,"column":4},"end":{"line":40,"column":5}},{"start":{},"end":{}}],"line":38},"3":{"loc":{"start":{"line":38,"column":8},"end":{"line":38,"column":75}},"type":"binary-expr","locations":[{"start":{"line":38,"column":8},"end":{"line":38,"column":11}},{"start":{"line":38,"column":15},"end":{"line":38,"column":46}},{"start":{"line":38,"column":50},"end":{"line":38,"column":75}}],"line":38}},"s":{"0":0,"1":0,"2":0,"3":0,"4":0,"5":0,"6":0,"7":0,"8":0,"9":0,"10":0,"11":0,"12":0,"13":0,"14":0,"15":0,"16":0,"17":0,"18":0},"f":{"0":0,"1":0,"2":0},"b":{"0":[0,0],"1":[0,0],"2":[0,0],"3":[0,0,0]}}
,"C:\\sites\\CoolHan builder\\src\\server.js": {"path":"C:\\sites\\CoolHan builder\\src\\server.js","statementMap":{"0":{"start":{"line":14,"column":13},"end":{"line":14,"column":28}},"1":{"start":{"line":15,"column":16},"end":{"line":15,"column":34}},"2":{"start":{"line":16,"column":21},"end":{"line":16,"column":47}},"3":{"start":{"line":17,"column":23},"end":{"line":17,"column":60}},"4":{"start":{"line":20,"column":14},"end":{"line":20,"column":23}},"5":{"start":{"line":21,"column":2},"end":{"line":21,"column":30}},"6":{"start":{"line":24,"column":2},"end":{"line":24,"column":26}},"7":{"start":{"line":27,"column":2},"end":{"line":27,"column":24}},"8":{"start":{"line":30,"column":2},"end":{"line":30,"column":34}},"9":{"start":{"line":33,"column":2},"end":{"line":35,"column":5}},"10":{"start":{"line":34,"column":4},"end":{"line":34,"column":63}},"11":{"start":{"line":38,"column":2},"end":{"line":38,"column":54}},"12":{"start":{"line":38,"column":29},"end":{"line":38,"column":52}},"13":{"start":{"line":41,"column":2},"end":{"line":43,"column":5}},"14":{"start":{"line":42,"column":4},"end":{"line":42,"column":49}},"15":{"start":{"line":45,"column":2},"end":{"line":45,"column":13}},"16":{"start":{"line":49,"column":21},"end":{"line":49,"column":61}},"17":{"start":{"line":50,"column":14},"end":{"line":50,"column":25}},"18":{"start":{"line":51,"column":17},"end":{"line":57,"column":4}},"19":{"start":{"line":54,"column":4},"end":{"line":56,"column":6}},"20":{"start":{"line":58,"column":2},"end":{"line":58,"column":16}},"21":{"start":{"line":62,"column":0},"end":{"line":64,"column":1}},"22":{"start":{"line":63,"column":2},"end":{"line":63,"column":10}},"23":{"start":{"line":66,"column":0},"end":{"line":66,"column":38}}},"fnMap":{"0":{"name":"createApp","decl":{"start":{"line":19,"column":9},"end":{"line":19,"column":18}},"loc":{"start":{"line":19,"column":21},"end":{"line":46,"column":1}},"line":19},"1":{"name":"(anonymous_1)","decl":{"start":{"line":33,"column":21},"end":{"line":33,"column":22}},"loc":{"start":{"line":33,"column":35},"end":{"line":35,"column":3}},"line":33},"2":{"name":"(anonymous_2)","decl":{"start":{"line":38,"column":15},"end":{"line":38,"column":16}},"loc":{"start":{"line":38,"column":29},"end":{"line":38,"column":52}},"line":38},"3":{"name":"(anonymous_3)","decl":{"start":{"line":41,"column":10},"end":{"line":41,"column":11}},"loc":{"start":{"line":41,"column":24},"end":{"line":43,"column":3}},"line":41},"4":{"name":"start","decl":{"start":{"line":48,"column":9},"end":{"line":48,"column":14}},"loc":{"start":{"line":48,"column":21},"end":{"line":59,"column":1}},"line":48},"5":{"name":"(anonymous_5)","decl":{"start":{"line":51,"column":40},"end":{"line":51,"column":41}},"loc":{"start":{"line":51,"column":46},"end":{"line":57,"column":3}},"line":51}},"branchMap":{"0":{"loc":{"start":{"line":49,"column":28},"end":{"line":49,"column":60}},"type":"binary-expr","locations":[{"start":{"line":49,"column":28},"end":{"line":49,"column":32}},{"start":{"line":49,"column":36},"end":{"line":49,"column":52}},{"start":{"line":49,"column":56},"end":{"line":49,"column":60}}],"line":49},"1":{"loc":{"start":{"line":62,"column":0},"end":{"line":64,"column":1}},"type":"if","locations":[{"start":{"line":62,"column":0},"end":{"line":64,"column":1}},{"start":{},"end":{}}],"line":62}},"s":{"0":0,"1":0,"2":0,"3":0,"4":0,"5":0,"6":0,"7":0,"8":0,"9":0,"10":0,"11":0,"12":0,"13":0,"14":0,"15":0,"16":0,"17":0,"18":0,"19":0,"20":0,"21":0,"22":0,"23":0},"f":{"0":0,"1":0,"2":0,"3":0,"4":0,"5":0},"b":{"0":[0,0,0],"1":[0,0]}}
,"C:\\sites\\CoolHan builder\\src\\features\\feedback\\routes.js": {"path":"C:\\sites\\CoolHan builder\\src\\features\\feedback\\routes.js","statementMap":{"0":{"start":{"line":17,"column":16},"end":{"line":17,"column":34}},"1":{"start":{"line":19,"column":15},"end":{"line":19,"column":31}},"2":{"start":{"line":25,"column":22},"end":{"line":25,"column":31}},"3":{"start":{"line":26,"column":24},"end":{"line":26,"column":25}},"4":{"start":{"line":34,"column":2},"end":{"line":34,"column":67}},"5":{"start":{"line":42,"column":17},"end":{"line":42,"column":19}},"6":{"start":{"line":43,"column":2},"end":{"line":53,"column":3}},"7":{"start":{"line":44,"column":4},"end":{"line":44,"column":88}},"8":{"start":{"line":45,"column":9},"end":{"line":53,"column":3}},"9":{"start":{"line":46,"column":4},"end":{"line":46,"column":92}},"10":{"start":{"line":47,"column":9},"end":{"line":53,"column":3}},"11":{"start":{"line":48,"column":4},"end":{"line":52,"column":7}},"12":{"start":{"line":54,"column":2},"end":{"line":54,"column":48}},"13":{"start":{"line":62,"column":17},"end":{"line":62,"column":19}},"14":{"start":{"line":63,"column":2},"end":{"line":71,"column":3}},"15":{"start":{"line":64,"column":4},"end":{"line":70,"column":5}},"16":{"start":{"line":65,"column":6},"end":{"line":69,"column":9}},"17":{"start":{"line":72,"column":2},"end":{"line":72,"column":48}},"18":{"start":{"line":80,"column":17},"end":{"line":80,"column":19}},"19":{"start":{"line":81,"column":21},"end":{"line":81,"column":50}},"20":{"start":{"line":82,"column":2},"end":{"line":88,"column":3}},"21":{"start":{"line":83,"column":4},"end":{"line":87,"column":7}},"22":{"start":{"line":89,"column":2},"end":{"line":89,"column":48}},"23":{"start":{"line":97,"column":17},"end":{"line":97,"column":19}},"24":{"start":{"line":98,"column":2},"end":{"line":107,"column":3}},"25":{"start":{"line":99,"column":23},"end":{"line":99,"column":45}},"26":{"start":{"line":100,"column":4},"end":{"line":106,"column":5}},"27":{"start":{"line":101,"column":6},"end":{"line":105,"column":9}},"28":{"start":{"line":108,"column":2},"end":{"line":108,"column":48}},"29":{"start":{"line":116,"column":20},"end":{"line":116,"column":22}},"30":{"start":{"line":118,"column":28},"end":{"line":118,"column":57}},"31":{"start":{"line":119,"column":2},"end":{"line":121,"column":3}},"32":{"start":{"line":120,"column":4},"end":{"line":120,"column":48}},"33":{"start":{"line":123,"column":27},"end":{"line":123,"column":54}},"34":{"start":{"line":124,"column":2},"end":{"line":126,"column":3}},"35":{"start":{"line":125,"column":4},"end":{"line":125,"column":47}},"36":{"start":{"line":128,"column":25},"end":{"line":128,"column":48}},"37":{"start":{"line":129,"column":2},"end":{"line":131,"column":3}},"38":{"start":{"line":130,"column":4},"end":{"line":130,"column":45}},"39":{"start":{"line":133,"column":26},"end":{"line":133,"column":51}},"40":{"start":{"line":134,"column":2},"end":{"line":136,"column":3}},"41":{"start":{"line":135,"column":4},"end":{"line":135,"column":46}},"42":{"start":{"line":138,"column":2},"end":{"line":138,"column":62}},"43":{"start":{"line":145,"column":2},"end":{"line":145,"column":34}},"44":{"start":{"line":154,"column":0},"end":{"line":195,"column":3}},"45":{"start":{"line":155,"column":43},"end":{"line":155,"column":51}},"46":{"start":{"line":156,"column":17},"end":{"line":156,"column":42}},"47":{"start":{"line":159,"column":21},"end":{"line":159,"column":76}},"48":{"start":{"line":160,"column":2},"end":{"line":170,"column":3}},"49":{"start":{"line":161,"column":4},"end":{"line":169,"column":7}},"50":{"start":{"line":173,"column":21},"end":{"line":173,"column":54}},"51":{"start":{"line":174,"column":14},"end":{"line":174,"column":28}},"52":{"start":{"line":175,"column":19},"end":{"line":185,"column":3}},"53":{"start":{"line":188,"column":2},"end":{"line":188,"column":42}},"54":{"start":{"line":190,"column":2},"end":{"line":194,"column":5}},"55":{"start":{"line":203,"column":0},"end":{"line":260,"column":3}},"56":{"start":{"line":204,"column":17},"end":{"line":204,"column":42}},"57":{"start":{"line":205,"column":15},"end":{"line":205,"column":44}},"58":{"start":{"line":206,"column":16},"end":{"line":206,"column":62}},"59":{"start":{"line":207,"column":23},"end":{"line":207,"column":39}},"60":{"start":{"line":210,"column":2},"end":{"line":219,"column":3}},"61":{"start":{"line":211,"column":4},"end":{"line":218,"column":7}},"62":{"start":{"line":222,"column":21},"end":{"line":222,"column":89}},"63":{"start":{"line":222,"column":68},"end":{"line":222,"column":88}},"64":{"start":{"line":225,"column":2},"end":{"line":227,"column":3}},"65":{"start":{"line":226,"column":4},"end":{"line":226,"column":71}},"66":{"start":{"line":226,"column":44},"end":{"line":226,"column":69}},"67":{"start":{"line":230,"column":2},"end":{"line":230,"column":79}},"68":{"start":{"line":230,"column":30},"end":{"line":230,"column":77}},"69":{"start":{"line":233,"column":16},"end":{"line":233,"column":35}},"70":{"start":{"line":234,"column":16},"end":{"line":234,"column":40}},"71":{"start":{"line":235,"column":16},"end":{"line":235,"column":34}},"72":{"start":{"line":236,"column":28},"end":{"line":236,"column":68}},"73":{"start":{"line":239,"column":23},"end":{"line":247,"column":5}},"74":{"start":{"line":239,"column":51},"end":{"line":247,"column":3}},"75":{"start":{"line":249,"column":2},"end":{"line":259,"column":5}},"76":{"start":{"line":269,"column":0},"end":{"line":304,"column":3}},"77":{"start":{"line":270,"column":17},"end":{"line":270,"column":42}},"78":{"start":{"line":271,"column":17},"end":{"line":271,"column":27}},"79":{"start":{"line":274,"column":19},"end":{"line":274,"column":40}},"80":{"start":{"line":275,"column":2},"end":{"line":284,"column":3}},"81":{"start":{"line":276,"column":4},"end":{"line":283,"column":7}},"82":{"start":{"line":287,"column":2},"end":{"line":296,"column":3}},"83":{"start":{"line":288,"column":4},"end":{"line":295,"column":7}},"84":{"start":{"line":299,"column":2},"end":{"line":303,"column":5}},"85":{"start":{"line":306,"column":0},"end":{"line":306,"column":24}}},"fnMap":{"0":{"name":"getUserIdFromRequest","decl":{"start":{"line":32,"column":9},"end":{"line":32,"column":29}},"loc":{"start":{"line":32,"column":35},"end":{"line":35,"column":1}},"line":32},"1":{"name":"validateMessage","decl":{"start":{"line":41,"column":9},"end":{"line":41,"column":24}},"loc":{"start":{"line":41,"column":34},"end":{"line":55,"column":1}},"line":41},"2":{"name":"validateRating","decl":{"start":{"line":61,"column":9},"end":{"line":61,"column":23}},"loc":{"start":{"line":61,"column":32},"end":{"line":73,"column":1}},"line":61},"3":{"name":"validateType","decl":{"start":{"line":79,"column":9},"end":{"line":79,"column":21}},"loc":{"start":{"line":79,"column":28},"end":{"line":90,"column":1}},"line":79},"4":{"name":"validateEmail","decl":{"start":{"line":96,"column":9},"end":{"line":96,"column":22}},"loc":{"start":{"line":96,"column":30},"end":{"line":109,"column":1}},"line":96},"5":{"name":"validateFeedbackInput","decl":{"start":{"line":115,"column":9},"end":{"line":115,"column":30}},"loc":{"start":{"line":115,"column":37},"end":{"line":139,"column":1}},"line":115},"6":{"name":"getTimestamp","decl":{"start":{"line":144,"column":9},"end":{"line":144,"column":21}},"loc":{"start":{"line":144,"column":24},"end":{"line":146,"column":1}},"line":144},"7":{"name":"(anonymous_7)","decl":{"start":{"line":154,"column":25},"end":{"line":154,"column":26}},"loc":{"start":{"line":154,"column":39},"end":{"line":195,"column":1}},"line":154},"8":{"name":"(anonymous_8)","decl":{"start":{"line":203,"column":24},"end":{"line":203,"column":25}},"loc":{"start":{"line":203,"column":38},"end":{"line":260,"column":1}},"line":203},"9":{"name":"(anonymous_9)","decl":{"start":{"line":222,"column":63},"end":{"line":222,"column":64}},"loc":{"start":{"line":222,"column":68},"end":{"line":222,"column":88}},"line":222},"10":{"name":"(anonymous_10)","decl":{"start":{"line":226,"column":39},"end":{"line":226,"column":40}},"loc":{"start":{"line":226,"column":44},"end":{"line":226,"column":69}},"line":226},"11":{"name":"(anonymous_11)","decl":{"start":{"line":230,"column":20},"end":{"line":230,"column":21}},"loc":{"start":{"line":230,"column":30},"end":{"line":230,"column":77}},"line":230},"12":{"name":"(anonymous_12)","decl":{"start":{"line":239,"column":45},"end":{"line":239,"column":46}},"loc":{"start":{"line":239,"column":51},"end":{"line":247,"column":3}},"line":239},"13":{"name":"(anonymous_13)","decl":{"start":{"line":269,"column":28},"end":{"line":269,"column":29}},"loc":{"start":{"line":269,"column":42},"end":{"line":304,"column":1}},"line":269}},"branchMap":{"0":{"loc":{"start":{"line":34,"column":9},"end":{"line":34,"column":66}},"type":"binary-expr","locations":[{"start":{"line":34,"column":9},"end":{"line":34,"column":33}},{"start":{"line":34,"column":37},"end":{"line":34,"column":54}},{"start":{"line":34,"column":58},"end":{"line":34,"column":66}}],"line":34},"1":{"loc":{"start":{"line":43,"column":2},"end":{"line":53,"column":3}},"type":"if","locations":[{"start":{"line":43,"column":2},"end":{"line":53,"column":3}},{"start":{"line":45,"column":9},"end":{"line":53,"column":3}}],"line":43},"2":{"loc":{"start":{"line":43,"column":6},"end":{"line":43,"column":45}},"type":"binary-expr","locations":[{"start":{"line":43,"column":6},"end":{"line":43,"column":14}},{"start":{"line":43,"column":18},"end":{"line":43,"column":45}}],"line":43},"3":{"loc":{"start":{"line":45,"column":9},"end":{"line":53,"column":3}},"type":"if","locations":[{"start":{"line":45,"column":9},"end":{"line":53,"column":3}},{"start":{"line":47,"column":9},"end":{"line":53,"column":3}}],"line":45},"4":{"loc":{"start":{"line":47,"column":9},"end":{"line":53,"column":3}},"type":"if","locations":[{"start":{"line":47,"column":9},"end":{"line":53,"column":3}},{"start":{},"end":{}}],"line":47},"5":{"loc":{"start":{"line":47,"column":13},"end":{"line":47,"column":55}},"type":"binary-expr","locations":[{"start":{"line":47,"column":13},"end":{"line":47,"column":31}},{"start":{"line":47,"column":35},"end":{"line":47,"column":55}}],"line":47},"6":{"loc":{"start":{"line":63,"column":2},"end":{"line":71,"column":3}},"type":"if","locations":[{"start":{"line":63,"column":2},"end":{"line":71,"column":3}},{"start":{},"end":{}}],"line":63},"7":{"loc":{"start":{"line":63,"column":6},"end":{"line":63,"column":45}},"type":"binary-expr","locations":[{"start":{"line":63,"column":6},"end":{"line":63,"column":26}},{"start":{"line":63,"column":30},"end":{"line":63,"column":45}}],"line":63},"8":{"loc":{"start":{"line":64,"column":4},"end":{"line":70,"column":5}},"type":"if","locations":[{"start":{"line":64,"column":4},"end":{"line":70,"column":5}},{"start":{},"end":{}}],"line":64},"9":{"loc":{"start":{"line":64,"column":8},"end":{"line":64,"column":61}},"type":"binary-expr","locations":[{"start":{"line":64,"column":8},"end":{"line":64,"column":33}},{"start":{"line":64,"column":37},"end":{"line":64,"column":47}},{"start":{"line":64,"column":51},"end":{"line":64,"column":61}}],"line":64},"10":{"loc":{"start":{"line":82,"column":2},"end":{"line":88,"column":3}},"type":"if","locations":[{"start":{"line":82,"column":2},"end":{"line":88,"column":3}},{"start":{},"end":{}}],"line":82},"11":{"loc":{"start":{"line":82,"column":6},"end":{"line":82,"column":71}},"type":"binary-expr","locations":[{"start":{"line":82,"column":6},"end":{"line":82,"column":24}},{"start":{"line":82,"column":28},"end":{"line":82,"column":41}},{"start":{"line":82,"column":45},"end":{"line":82,"column":71}}],"line":82},"12":{"loc":{"start":{"line":98,"column":2},"end":{"line":107,"column":3}},"type":"if","locations":[{"start":{"line":98,"column":2},"end":{"line":107,"column":3}},{"start":{},"end":{}}],"line":98},"13":{"loc":{"start":{"line":98,"column":6},"end":{"line":98,"column":43}},"type":"binary-expr","locations":[{"start":{"line":98,"column":6},"end":{"line":98,"column":25}},{"start":{"line":98,"column":29},"end":{"line":98,"column":43}}],"line":98},"14":{"loc":{"start":{"line":100,"column":4},"end":{"line":106,"column":5}},"type":"if","locations":[{"start":{"line":100,"column":4},"end":{"line":106,"column":5}},{"start":{},"end":{}}],"line":100},"15":{"loc":{"start":{"line":119,"column":2},"end":{"line":121,"column":3}},"type":"if","locations":[{"start":{"line":119,"column":2},"end":{"line":121,"column":3}},{"start":{},"end":{}}],"line":119},"16":{"loc":{"start":{"line":124,"column":2},"end":{"line":126,"column":3}},"type":"if","locations":[{"start":{"line":124,"column":2},"end":{"line":126,"column":3}},{"start":{},"end":{}}],"line":124},"17":{"loc":{"start":{"line":129,"column":2},"end":{"line":131,"column":3}},"type":"if","locations":[{"start":{"line":129,"column":2},"end":{"line":131,"column":3}},{"start":{},"end":{}}],"line":129},"18":{"loc":{"start":{"line":134,"column":2},"end":{"line":136,"column":3}},"type":"if","locations":[{"start":{"line":134,"column":2},"end":{"line":136,"column":3}},{"start":{},"end":{}}],"line":134},"19":{"loc":{"start":{"line":160,"column":2},"end":{"line":170,"column":3}},"type":"if","locations":[{"start":{"line":160,"column":2},"end":{"line":170,"column":3}},{"start":{},"end":{}}],"line":160},"20":{"loc":{"start":{"line":179,"column":12},"end":{"line":179,"column":26}},"type":"binary-expr","locations":[{"start":{"line":179,"column":12},"end":{"line":179,"column":18}},{"start":{"line":179,"column":22},"end":{"line":179,"column":26}}],"line":179},"21":{"loc":{"start":{"line":180,"column":10},"end":{"line":180,"column":27}},"type":"binary-expr","locations":[{"start":{"line":180,"column":10},"end":{"line":180,"column":14}},{"start":{"line":180,"column":18},"end":{"line":180,"column":27}}],"line":180},"22":{"loc":{"start":{"line":181,"column":11},"end":{"line":181,"column":24}},"type":"binary-expr","locations":[{"start":{"line":181,"column":11},"end":{"line":181,"column":16}},{"start":{"line":181,"column":20},"end":{"line":181,"column":24}}],"line":181},"23":{"loc":{"start":{"line":205,"column":15},"end":{"line":205,"column":44}},"type":"binary-expr","locations":[{"start":{"line":205,"column":15},"end":{"line":205,"column":39}},{"start":{"line":205,"column":43},"end":{"line":205,"column":44}}],"line":205},"24":{"loc":{"start":{"line":206,"column":25},"end":{"line":206,"column":56}},"type":"binary-expr","locations":[{"start":{"line":206,"column":25},"end":{"line":206,"column":50}},{"start":{"line":206,"column":54},"end":{"line":206,"column":56}}],"line":206},"25":{"loc":{"start":{"line":210,"column":2},"end":{"line":219,"column":3}},"type":"if","locations":[{"start":{"line":210,"column":2},"end":{"line":219,"column":3}},{"start":{},"end":{}}],"line":210},"26":{"loc":{"start":{"line":225,"column":2},"end":{"line":227,"column":3}},"type":"if","locations":[{"start":{"line":225,"column":2},"end":{"line":227,"column":3}},{"start":{},"end":{}}],"line":225},"27":{"loc":{"start":{"line":275,"column":2},"end":{"line":284,"column":3}},"type":"if","locations":[{"start":{"line":275,"column":2},"end":{"line":284,"column":3}},{"start":{},"end":{}}],"line":275},"28":{"loc":{"start":{"line":287,"column":2},"end":{"line":296,"column":3}},"type":"if","locations":[{"start":{"line":287,"column":2},"end":{"line":296,"column":3}},{"start":{},"end":{}}],"line":287}},"s":{"0":0,"1":0,"2":0,"3":0,"4":0,"5":0,"6":0,"7":0,"8":0,"9":0,"10":0,"11":0,"12":0,"13":0,"14":0,"15":0,"16":0,"17":0,"18":0,"19":0,"20":0,"21":0,"22":0,"23":0,"24":0,"25":0,"26":0,"27":0,"28":0,"29":0,"30":0,"31":0,"32":0,"33":0,"34":0,"35":0,"36":0,"37":0,"38":0,"39":0,"40":0,"41":0,"42":0,"43":0,"44":0,"45":0,"46":0,"47":0,"48":0,"49":0,"50":0,"51":0,"52":0,"53":0,"54":0,"55":0,"56":0,"57":0,"58":0,"59":0,"60":0,"61":0,"62":0,"63":0,"64":0,"65":0,"66":0,"67":0,"68":0,"69":0,"70":0,"71":0,"72":0,"73":0,"74":0,"75":0,"76":0,"77":0,"78":0,"79":0,"80":0,"81":0,"82":0,"83":0,"84":0,"85":0},"f":{"0":0,"1":0,"2":0,"3":0,"4":0,"5":0,"6":0,"7":0,"8":0,"9":0,"10":0,"11":0,"12":0,"13":0},"b":{"0":[0,0,0],"1":[0,0],"2":[0,0],"3":[0,0],"4":[0,0],"5":[0,0],"6":[0,0],"7":[0,0],"8":[0,0],"9":[0,0,0],"10":[0,0],"11":[0,0,0],"12":[0,0],"13":[0,0],"14":[0,0],"15":[0,0],"16":[0,0],"17":[0,0],"18":[0,0],"19":[0,0],"20":[0,0],"21":[0,0],"22":[0,0],"23":[0,0],"24":[0,0],"25":[0,0],"26":[0,0],"27":[0,0],"28":[0,0]}}
,"C:\\sites\\CoolHan builder\\src\\routes\\health.js": {"path":"C:\\sites\\CoolHan builder\\src\\routes\\health.js","statementMap":{"0":{"start":{"line":11,"column":16},"end":{"line":11,"column":34}},"1":{"start":{"line":12,"column":24},"end":{"line":12,"column":44}},"2":{"start":{"line":14,"column":15},"end":{"line":14,"column":31}},"3":{"start":{"line":16,"column":0},"end":{"line":31,"column":3}},"4":{"start":{"line":17,"column":17},"end":{"line":17,"column":30}},"5":{"start":{"line":20,"column":2},"end":{"line":20,"column":39}},"6":{"start":{"line":21,"column":2},"end":{"line":21,"column":46}},"7":{"start":{"line":26,"column":2},"end":{"line":28,"column":4}},"8":{"start":{"line":30,"column":2},"end":{"line":30,"column":50}},"9":{"start":{"line":33,"column":0},"end":{"line":33,"column":24}}},"fnMap":{"0":{"name":"(anonymous_0)","decl":{"start":{"line":16,"column":26},"end":{"line":16,"column":27}},"loc":{"start":{"line":16,"column":40},"end":{"line":31,"column":1}},"line":16}},"branchMap":{},"s":{"0":0,"1":0,"2":0,"3":0,"4":0,"5":0,"6":0,"7":0,"8":0,"9":0},"f":{"0":0},"b":{}}
}
